<?xml version="1.0" encoding="UTF-8"?>
<testng-results skipped="0" failed="0" total="1" passed="1">
  <reporter-output>
  </reporter-output>
  <suite name="Default suite" duration-ms="9267" started-at="2015-07-08T07:12:35Z" finished-at="2015-07-08T07:12:45Z">
    <groups>
    </groups>
    <test name="Default test" duration-ms="9267" started-at="2015-07-08T07:12:35Z" finished-at="2015-07-08T07:12:45Z">
      <class name="com.example.tests.GroupModificationTests">
        <test-method status="PASS" signature="setUp()[pri:0, instance:com.example.tests.GroupModificationTests@6de8aa5]" name="setUp" is-config="true" duration-ms="4372" started-at="2015-07-08T10:12:35Z" finished-at="2015-07-08T10:12:40Z">
          <reporter-output>
          </reporter-output>
        </test-method> <!-- setUp -->
        <test-method status="PASS" signature="modifySomeGroup()[pri:0, instance:com.example.tests.GroupModificationTests@6de8aa5]" name="modifySomeGroup" duration-ms="4691" started-at="2015-07-08T10:12:40Z" finished-at="2015-07-08T10:12:45Z">
          <reporter-output>
          </reporter-output>
        </test-method> <!-- modifySomeGroup -->
        <test-method status="PASS" signature="tearDown()[pri:0, instance:com.example.tests.GroupModificationTests@6de8aa5]" name="tearDown" is-config="true" duration-ms="192" started-at="2015-07-08T10:12:45Z" finished-at="2015-07-08T10:12:45Z">
          <reporter-output>
          </reporter-output>
        </test-method> <!-- tearDown -->
      </class> <!-- com.example.tests.GroupModificationTests -->
    </test> <!-- Default test -->
  </suite> <!-- Default suite -->
</testng-results>
